# JRE version: Java(TM) SE Runtime Environment (8.0_51-b16) (build 1.8.0_51-b16)
# Java VM: Java HotSpot(TM) 64-Bit Server VM (25.51-b03 mixed mode windows-amd64 compressed oops)
Heap:
 PSYoungGen      total 175104K, used 168223K [0x0000000780700000, 0x000000078cc00000, 0x00000007c0000000)
  eden space 163328K, 95% used [0x0000000780700000,0x0000000789fe11a0,0x000000078a680000)
  from space 11776K, 99% used [0x000000078c080000,0x000000078cbe6bc8,0x000000078cc00000)
  to   space 15360K, 0% used [0x000000078ae00000,0x000000078ae00000,0x000000078bd00000)
 ParOldGen       total 127488K, used 18343K [0x0000000701400000, 0x0000000709080000, 0x0000000780700000)
  object space 127488K, 14% used [0x0000000701400000,0x00000007025e9f90,0x0000000709080000)
 Metaspace       used 55107K, capacity 57676K, committed 57856K, reserved 1099776K
  class space    used 7653K, capacity 8109K, committed 8192K, reserved 1048576K
GC Heap History (10 events):
Event: 6.232 GC heap before
{Heap before GC invocations=6 (full 1):
 PSYoungGen      total 82432K, used 82151K [0x0000000780700000, 0x0000000787500000, 0x00000007c0000000)
  eden space 76288K, 100% used [0x0000000780700000,0x0000000785180000,0x0000000785180000)
  from space 6144K, 95% used [0x0000000786f00000,0x00000007874b9ce8,0x0000000787500000)
  to   space 8192K, 0% used [0x0000000786500000,0x0000000786500000,0x0000000786d00000)
 ParOldGen       total 78336K, used 6152K [0x0000000701400000, 0x0000000706080000, 0x0000000780700000)
  object space 78336K, 7% used [0x0000000701400000,0x0000000701a020f8,0x0000000706080000)
 Metaspace       used 24479K, capacity 25470K, committed 25728K, reserved 1071104K
  class space    used 3361K, capacity 3606K, committed 3712K, reserved 1048576K
Event: 6.261 GC heap after
Heap after GC invocations=6 (full 1):
 PSYoungGen      total 104448K, used 7426K [0x0000000780700000, 0x0000000788d80000, 0x00000007c0000000)
  eden space 96256K, 0% used [0x0000000780700000,0x0000000780700000,0x0000000786500000)
  from space 8192K, 90% used [0x0000000786500000,0x0000000786c40be0,0x0000000786d00000)
  to   space 10240K, 0% used [0x0000000788380000,0x0000000788380000,0x0000000788d80000)
 ParOldGen       total 78336K, used 6160K [0x0000000701400000, 0x0000000706080000, 0x0000000780700000)
  object space 78336K, 7% used [0x0000000701400000,0x0000000701a040f8,0x0000000706080000)
 Metaspace       used 24479K, capacity 25470K, committed 25728K, reserved 1071104K
  class space    used 3361K, capacity 3606K, committed 3712K, reserved 1048576K
}
Event: 8.325 GC heap before
{Heap before GC invocations=7 (full 1):
 PSYoungGen      total 104448K, used 103625K [0x0000000780700000, 0x0000000788d80000, 0x00000007c0000000)
  eden space 96256K, 99% used [0x0000000780700000,0x00000007864f1880,0x0000000786500000)
  from space 8192K, 90% used [0x0000000786500000,0x0000000786c40be0,0x0000000786d00000)
  to   space 10240K, 0% used [0x0000000788380000,0x0000000788380000,0x0000000788d80000)
 ParOldGen       total 78336K, used 6160K [0x0000000701400000, 0x0000000706080000, 0x0000000780700000)
  object space 78336K, 7% used [0x0000000701400000,0x0000000701a040f8,0x0000000706080000)
 Metaspace       used 29389K, capacity 30856K, committed 30976K, reserved 1075200K
  class space    used 4011K, capacity 4301K, committed 4352K, reserved 1048576K
Event: 8.359 GC heap after
Heap after GC invocations=7 (full 1):
 PSYoungGen      total 124928K, used 10229K [0x0000000780700000, 0x000000078ad80000, 0x00000007c0000000)
  eden space 114688K, 0% used [0x0000000780700000,0x0000000780700000,0x0000000787700000)
  from space 10240K, 99% used [0x0000000788380000,0x0000000788d7d4d8,0x0000000788d80000)
  to   space 12800K, 0% used [0x0000000787700000,0x0000000787700000,0x0000000788380000)
 ParOldGen       total 78336K, used 7950K [0x0000000701400000, 0x0000000706080000, 0x0000000780700000)
  object space 78336K, 10% used [0x0000000701400000,0x0000000701bc3910,0x0000000706080000)
 Metaspace       used 29389K, capacity 30856K, committed 30976K, reserved 1075200K
  class space    used 4011K, capacity 4301K, committed 4352K, reserved 1048576K
}
Event: 9.559 GC heap before
{Heap before GC invocations=8 (full 1):
 PSYoungGen      total 124928K, used 49298K [0x0000000780700000, 0x000000078ad80000, 0x00000007c0000000)
  eden space 114688K, 34% used [0x0000000780700000,0x0000000782d274b0,0x0000000787700000)
  from space 10240K, 99% used [0x0000000788380000,0x0000000788d7d4d8,0x0000000788d80000)
  to   space 12800K, 0% used [0x0000000787700000,0x0000000787700000,0x0000000788380000)
 ParOldGen       total 78336K, used 7950K [0x0000000701400000, 0x0000000706080000, 0x0000000780700000)
  object space 78336K, 10% used [0x0000000701400000,0x0000000701bc3910,0x0000000706080000)
 Metaspace       used 33792K, capacity 35364K, committed 35456K, reserved 1079296K
  class space    used 4432K, capacity 4721K, committed 4736K, reserved 1048576K
Event: 9.603 GC heap after
Heap after GC invocations=8 (full 1):
 PSYoungGen      total 127488K, used 12783K [0x0000000780700000, 0x000000078cf00000, 0x00000007c0000000)
  eden space 114688K, 0% used [0x0000000780700000,0x0000000780700000,0x0000000787700000)
  from space 12800K, 99% used [0x0000000787700000,0x000000078837bd00,0x0000000788380000)
  to   space 14848K, 0% used [0x000000078c080000,0x000000078c080000,0x000000078cf00000)
 ParOldGen       total 78336K, used 8511K [0x0000000701400000, 0x0000000706080000, 0x0000000780700000)
  object space 78336K, 10% used [0x0000000701400000,0x0000000701c4fe78,0x0000000706080000)
 Metaspace       used 33792K, capacity 35364K, committed 35456K, reserved 1079296K
  class space    used 4432K, capacity 4721K, committed 4736K, reserved 1048576K
}
Event: 9.603 GC heap before
{Heap before GC invocations=9 (full 2):
 PSYoungGen      total 127488K, used 12783K [0x0000000780700000, 0x000000078cf00000, 0x00000007c0000000)
  eden space 114688K, 0% used [0x0000000780700000,0x0000000780700000,0x0000000787700000)
  from space 12800K, 99% used [0x0000000787700000,0x000000078837bd00,0x0000000788380000)
  to   space 14848K, 0% used [0x000000078c080000,0x000000078c080000,0x000000078cf00000)
 ParOldGen       total 78336K, used 8511K [0x0000000701400000, 0x0000000706080000, 0x0000000780700000)
  object space 78336K, 10% used [0x0000000701400000,0x0000000701c4fe78,0x0000000706080000)
 Metaspace       used 33792K, capacity 35364K, committed 35456K, reserved 1079296K
  class space    used 4432K, capacity 4721K, committed 4736K, reserved 1048576K
Event: 9.815 GC heap after
Heap after GC invocations=9 (full 2):
 PSYoungGen      total 127488K, used 0K [0x0000000780700000, 0x000000078cf00000, 0x00000007c0000000)
  eden space 114688K, 0% used [0x0000000780700000,0x0000000780700000,0x0000000787700000)
  from space 12800K, 0% used [0x0000000787700000,0x0000000787700000,0x0000000788380000)
  to   space 14848K, 0% used [0x000000078c080000,0x000000078c080000,0x000000078cf00000)
 ParOldGen       total 127488K, used 18335K [0x0000000701400000, 0x0000000709080000, 0x0000000780700000)
  object space 127488K, 14% used [0x0000000701400000,0x00000007025e7f90,0x0000000709080000)
 Metaspace       used 33792K, capacity 35364K, committed 35456K, reserved 1079296K
  class space    used 4432K, capacity 4721K, committed 4736K, reserved 1048576K
}
Event: 12.761 GC heap before
{Heap before GC invocations=10 (full 2):
 PSYoungGen      total 127488K, used 114688K [0x0000000780700000, 0x000000078cf00000, 0x00000007c0000000)
  eden space 114688K, 100% used [0x0000000780700000,0x0000000787700000,0x0000000787700000)
  from space 12800K, 0% used [0x0000000787700000,0x0000000787700000,0x0000000788380000)
  to   space 14848K, 0% used [0x000000078c080000,0x000000078c080000,0x000000078cf00000)
 ParOldGen       total 127488K, used 18335K [0x0000000701400000, 0x0000000709080000, 0x0000000780700000)
  object space 127488K, 14% used [0x0000000701400000,0x00000007025e7f90,0x0000000709080000)
 Metaspace       used 44385K, capacity 46118K, committed 46592K, reserved 1089536K
  class space    used 6171K, capacity 6538K, committed 6656K, reserved 1048576K
Event: 12.783 GC heap after
Heap after GC invocations=10 (full 2):
 PSYoungGen      total 175104K, used 11674K [0x0000000780700000, 0x000000078cc00000, 0x00000007c0000000)
  eden space 163328K, 0% used [0x0000000780700000,0x0000000780700000,0x000000078a680000)
  from space 11776K, 99% used [0x000000078c080000,0x000000078cbe6bc8,0x000000078cc00000)
  to   space 15360K, 0% used [0x000000078ae00000,0x000000078ae00000,0x000000078bd00000)
 ParOldGen       total 127488K, used 18343K [0x0000000701400000, 0x0000000709080000, 0x0000000780700000)
  object space 127488K, 14% used [0x0000000701400000,0x00000007025e9f90,0x0000000709080000)
 Metaspace       used 44385K, capacity 46118K, committed 46592K, reserved 1089536K
  class space    used 6171K, capacity 6538K, committed 6656K, reserved 1048576K
}

