# JRE version: Java(TM) SE Runtime Environment (8.0_51-b16) (build 1.8.0_51-b16)
# Java VM: Java HotSpot(TM) 64-Bit Server VM (25.51-b03 mixed mode windows-amd64 compressed oops)
Heap:
 PSYoungGen      total 135680K, used 116908K [0x0000000780700000, 0x000000078d080000, 0x00000007c0000000)
  eden space 119808K, 86% used [0x0000000780700000,0x0000000786bcbd78,0x0000000787c00000)
  from space 15872K, 86% used [0x0000000787c00000,0x000000078895f4a8,0x0000000788b80000)
  to   space 17408K, 0% used [0x000000078bf80000,0x000000078bf80000,0x000000078d080000)
 ParOldGen       total 123392K, used 18639K [0x0000000701400000, 0x0000000708c80000, 0x0000000780700000)
  object space 123392K, 15% used [0x0000000701400000,0x0000000702633f70,0x0000000708c80000)
 Metaspace       used 51890K, capacity 54464K, committed 54744K, reserved 1095680K
  class space    used 7166K, capacity 7632K, committed 7680K, reserved 1048576K
GC Heap History (10 events):
Event: 2.321 GC heap before
{Heap before GC invocations=5 (full 1):
 PSYoungGen      total 57344K, used 49123K [0x0000000780700000, 0x0000000787700000, 0x00000007c0000000)
  eden space 49152K, 99% used [0x0000000780700000,0x00000007836f8cf0,0x0000000783700000)
  from space 8192K, 0% used [0x0000000783700000,0x0000000783700000,0x0000000783f00000)
  to   space 8192K, 0% used [0x0000000786f00000,0x0000000786f00000,0x0000000787700000)
 ParOldGen       total 75776K, used 5971K [0x0000000701400000, 0x0000000705e00000, 0x0000000780700000)
  object space 75776K, 7% used [0x0000000701400000,0x00000007019d4e48,0x0000000705e00000)
 Metaspace       used 21943K, capacity 22714K, committed 22912K, reserved 1069056K
  class space    used 2949K, capacity 3156K, committed 3200K, reserved 1048576K
Event: 2.325 GC heap after
Heap after GC invocations=5 (full 1):
 PSYoungGen      total 81920K, used 3069K [0x0000000780700000, 0x0000000787200000, 0x00000007c0000000)
  eden space 78848K, 0% used [0x0000000780700000,0x0000000780700000,0x0000000785400000)
  from space 3072K, 99% used [0x0000000786f00000,0x00000007871ff458,0x0000000787200000)
  to   space 8192K, 0% used [0x0000000786200000,0x0000000786200000,0x0000000786a00000)
 ParOldGen       total 75776K, used 6043K [0x0000000701400000, 0x0000000705e00000, 0x0000000780700000)
  object space 75776K, 7% used [0x0000000701400000,0x00000007019e6e58,0x0000000705e00000)
 Metaspace       used 21943K, capacity 22714K, committed 22912K, reserved 1069056K
  class space    used 2949K, capacity 3156K, committed 3200K, reserved 1048576K
}
Event: 3.320 GC heap before
{Heap before GC invocations=6 (full 1):
 PSYoungGen      total 81920K, used 81917K [0x0000000780700000, 0x0000000787200000, 0x00000007c0000000)
  eden space 78848K, 100% used [0x0000000780700000,0x0000000785400000,0x0000000785400000)
  from space 3072K, 99% used [0x0000000786f00000,0x00000007871ff458,0x0000000787200000)
  to   space 8192K, 0% used [0x0000000786200000,0x0000000786200000,0x0000000786a00000)
 ParOldGen       total 75776K, used 6043K [0x0000000701400000, 0x0000000705e00000, 0x0000000780700000)
  object space 75776K, 7% used [0x0000000701400000,0x00000007019e6e58,0x0000000705e00000)
 Metaspace       used 26753K, capacity 27952K, committed 28032K, reserved 1073152K
  class space    used 3665K, capacity 3953K, committed 3968K, reserved 1048576K
Event: 3.330 GC heap after
Heap after GC invocations=6 (full 1):
 PSYoungGen      total 101376K, used 8175K [0x0000000780700000, 0x0000000789800000, 0x00000007c0000000)
  eden space 93184K, 0% used [0x0000000780700000,0x0000000780700000,0x0000000786200000)
  from space 8192K, 99% used [0x0000000786200000,0x00000007869fbdb8,0x0000000786a00000)
  to   space 12800K, 0% used [0x0000000788b80000,0x0000000788b80000,0x0000000789800000)
 ParOldGen       total 75776K, used 7667K [0x0000000701400000, 0x0000000705e00000, 0x0000000780700000)
  object space 75776K, 10% used [0x0000000701400000,0x0000000701b7ce90,0x0000000705e00000)
 Metaspace       used 26753K, capacity 27952K, committed 28032K, reserved 1073152K
  class space    used 3665K, capacity 3953K, committed 3968K, reserved 1048576K
}
Event: 4.152 GC heap before
{Heap before GC invocations=7 (full 1):
 PSYoungGen      total 101376K, used 98015K [0x0000000780700000, 0x0000000789800000, 0x00000007c0000000)
  eden space 93184K, 96% used [0x0000000780700000,0x0000000785ebc150,0x0000000786200000)
  from space 8192K, 99% used [0x0000000786200000,0x00000007869fbdb8,0x0000000786a00000)
  to   space 12800K, 0% used [0x0000000788b80000,0x0000000788b80000,0x0000000789800000)
 ParOldGen       total 75776K, used 7667K [0x0000000701400000, 0x0000000705e00000, 0x0000000780700000)
  object space 75776K, 10% used [0x0000000701400000,0x0000000701b7ce90,0x0000000705e00000)
 Metaspace       used 33623K, capacity 35228K, committed 35416K, reserved 1079296K
  class space    used 4435K, capacity 4729K, committed 4736K, reserved 1048576K
Event: 4.172 GC heap after
Heap after GC invocations=7 (full 1):
 PSYoungGen      total 132608K, used 12791K [0x0000000780700000, 0x000000078b300000, 0x00000007c0000000)
  eden space 119808K, 0% used [0x0000000780700000,0x0000000780700000,0x0000000787c00000)
  from space 12800K, 99% used [0x0000000788b80000,0x00000007897fdcb0,0x0000000789800000)
  to   space 15872K, 0% used [0x0000000787c00000,0x0000000787c00000,0x0000000788b80000)
 ParOldGen       total 75776K, used 8581K [0x0000000701400000, 0x0000000705e00000, 0x0000000780700000)
  object space 75776K, 11% used [0x0000000701400000,0x0000000701c616c0,0x0000000705e00000)
 Metaspace       used 33623K, capacity 35228K, committed 35416K, reserved 1079296K
  class space    used 4435K, capacity 4729K, committed 4736K, reserved 1048576K
}
Event: 4.173 GC heap before
{Heap before GC invocations=8 (full 2):
 PSYoungGen      total 132608K, used 12791K [0x0000000780700000, 0x000000078b300000, 0x00000007c0000000)
  eden space 119808K, 0% used [0x0000000780700000,0x0000000780700000,0x0000000787c00000)
  from space 12800K, 99% used [0x0000000788b80000,0x00000007897fdcb0,0x0000000789800000)
  to   space 15872K, 0% used [0x0000000787c00000,0x0000000787c00000,0x0000000788b80000)
 ParOldGen       total 75776K, used 8581K [0x0000000701400000, 0x0000000705e00000, 0x0000000780700000)
  object space 75776K, 11% used [0x0000000701400000,0x0000000701c616c0,0x0000000705e00000)
 Metaspace       used 33623K, capacity 35228K, committed 35416K, reserved 1079296K
  class space    used 4435K, capacity 4729K, committed 4736K, reserved 1048576K
Event: 4.251 GC heap after
Heap after GC invocations=8 (full 2):
 PSYoungGen      total 132608K, used 0K [0x0000000780700000, 0x000000078b300000, 0x00000007c0000000)
  eden space 119808K, 0% used [0x0000000780700000,0x0000000780700000,0x0000000787c00000)
  from space 12800K, 0% used [0x0000000788b80000,0x0000000788b80000,0x0000000789800000)
  to   space 15872K, 0% used [0x0000000787c00000,0x0000000787c00000,0x0000000788b80000)
 ParOldGen       total 123392K, used 18631K [0x0000000701400000, 0x0000000708c80000, 0x0000000780700000)
  object space 123392K, 15% used [0x0000000701400000,0x0000000702631f70,0x0000000708c80000)
 Metaspace       used 33623K, capacity 35228K, committed 35416K, reserved 1079296K
  class space    used 4435K, capacity 4729K, committed 4736K, reserved 1048576K
}
Event: 5.761 GC heap before
{Heap before GC invocations=9 (full 2):
 PSYoungGen      total 132608K, used 119808K [0x0000000780700000, 0x000000078b300000, 0x00000007c0000000)
  eden space 119808K, 100% used [0x0000000780700000,0x0000000787c00000,0x0000000787c00000)
  from space 12800K, 0% used [0x0000000788b80000,0x0000000788b80000,0x0000000789800000)
  to   space 15872K, 0% used [0x0000000787c00000,0x0000000787c00000,0x0000000788b80000)
 ParOldGen       total 123392K, used 18631K [0x0000000701400000, 0x0000000708c80000, 0x0000000780700000)
  object space 123392K, 15% used [0x0000000701400000,0x0000000702631f70,0x0000000708c80000)
 Metaspace       used 45665K, capacity 47442K, committed 47704K, reserved 1089536K
  class space    used 6308K, capacity 6662K, committed 6784K, reserved 1048576K
Event: 5.776 GC heap after
Heap after GC invocations=9 (full 2):
 PSYoungGen      total 135680K, used 13693K [0x0000000780700000, 0x000000078d080000, 0x00000007c0000000)
  eden space 119808K, 0% used [0x0000000780700000,0x0000000780700000,0x0000000787c00000)
  from space 15872K, 86% used [0x0000000787c00000,0x000000078895f4a8,0x0000000788b80000)
  to   space 17408K, 0% used [0x000000078bf80000,0x000000078bf80000,0x000000078d080000)
 ParOldGen       total 123392K, used 18639K [0x0000000701400000, 0x0000000708c80000, 0x0000000780700000)
  object space 123392K, 15% used [0x0000000701400000,0x0000000702633f70,0x0000000708c80000)
 Metaspace       used 45665K, capacity 47442K, committed 47704K, reserved 1089536K
  class space    used 6308K, capacity 6662K, committed 6784K, reserved 1048576K
}

